
WEC-Sim Input From Standard wecSimInputFile.m Of Case Directory... 
WEC-Sim: An open-source code for simulating wave energy converters
Version: 4.4

Initializing the Simulation Class...
	Case Dir: /Users/inyongkim/Desktop/Modeling/WEC-Sim/examples/RM3 
Elapsed time is 1.130605 seconds.

WEC-Sim Pre-processing ...   
[Warning: Removed '/Users/inyongkim/Desktop/Modeling/WEC-Sim/examples/RM3/output' from the MATLAB path for this MATLAB session.
	See 'doc path' for more information.] 
[> In <a href="matlab:matlab.internal.language.introspective.errorDocCallback('simulationClass/setupSim', '/Users/inyongkim/Library/CloudStorage/Box-Box/DOE_Multiphysics_ WEC_9446/Modeling/WEC-Sim/source/objects/simulationClass.m', 161)" style="font-weight:bold">simulationClass/setupSim</a> (<a href="matlab: opentoline('/Users/inyongkim/Library/CloudStorage/Box-Box/DOE_Multiphysics_ WEC_9446/Modeling/WEC-Sim/source/objects/simulationClass.m',161,0)">line 161</a>)
In <a href="matlab:matlab.internal.language.introspective.errorDocCallback('initializeWecSim', '/Users/inyongkim/Desktop/Modeling/WEC-Sim/source/functions/initializeWecSim.m', 208)" style="font-weight:bold">initializeWecSim</a> (<a href="matlab: opentoline('/Users/inyongkim/Desktop/Modeling/WEC-Sim/source/functions/initializeWecSim.m',208,0)">line 208</a>)
In <a href="matlab:matlab.internal.language.introspective.errorDocCallback('run', '/Applications/MATLAB_R2022a.app/toolbox/matlab/lang/run.m', 91)" style="font-weight:bold">run</a> (<a href="matlab: opentoline('/Applications/MATLAB_R2022a.app/toolbox/matlab/lang/run.m',91,0)">line 91</a>)
In <a href="matlab:matlab.internal.language.introspective.errorDocCallback('wecSim', '/Users/inyongkim/Desktop/Modeling/WEC-Sim/source/wecSim.m', 45)" style="font-weight:bold">wecSim</a> (<a href="matlab: opentoline('/Users/inyongkim/Desktop/Modeling/WEC-Sim/source/wecSim.m',45,0)">line 45</a>)
In <a href="matlab:matlab.internal.language.introspective.errorDocCallback('analysis_v2', '/Users/inyongkim/Desktop/Modeling/analysis_v2.m', 13)" style="font-weight:bold">analysis_v2</a> (<a href="matlab: opentoline('/Users/inyongkim/Desktop/Modeling/analysis_v2.m',13,0)">line 13</a>)] 
	Infinite water depth specified in BEM and "waves.waterDepth" not specified in input file.
Set water depth to 200m for visualization.
Elapsed time is 0.216929 seconds.

WEC-Sim Simulation Settings:
	Start Time                     (sec) = 0
	End Time                       (sec) = 160
	Time Step Size                 (sec) = 0.01
	Ramp Function Time             (sec) = 24
	 Number of Time Steps     = 16000 

Wave Environment: 
	Wave Type                            = Regular Waves (Constant Hydrodynamic Coefficients)
	Wave Height, H (m)                   = 2
	Wave Period, T (sec)                 = 8

List of Body: Number of Bodies = 2 

	***** Body Number 1, Name: float *****
	Body CG                          (m) = [0,0,-0.72]
	Body Mass                       (kg) = 725833 
	Body Diagonal MOI              (kgm2)= [2.09073E+07,2.13061E+07,3.70855E+07]

	***** Body Number 2, Name: spar *****
	Body CG                          (m) = [0,0,-21.29]
	Body Mass                       (kg) = 886687 
	Body Diagonal MOI              (kgm2)= [9.44196E+07,9.44071E+07,2.85422E+07]

List of PTO(s): Number of PTOs = 1 

	***** PTO Name: PTO1 *****
	PTO Stiffness           (N/m;Nm/rad) = 0
	PTO Damping           (Ns/m;Nsm/rad) = 1.2E+06

List of Constraint(s): Number of Constraints = 1 

	***** Constraint Name: Constraint1 *****


Simulating the WEC device defined in the SimMechanics model /Users/inyongkim/Desktop/Modeling/WEC-Sim/examples/RM3/RM3.slx...   
Elapsed time is 0.398173 seconds.
Elapsed time is 11.929868 seconds.

Post-processing and saving...   
Elapsed time is 0.546109 seconds.
